Compiling the CXX compiler identification source file "CMakeCXXCompilerId.cpp" failed.
Compiler: CMAKE_CXX_COMPILER-NOTFOUND 
Build flags: 
Id flags: 

The output was:
No such file or directory


Compiling the CXX compiler identification source file "CMakeCXXCompilerId.cpp" failed.
Compiler: CMAKE_CXX_COMPILER-NOTFOUND 
Build flags: 
Id flags: -c

The output was:
No such file or directory


Checking whether the CXX compiler is IAR using "" did not match "IAR .+ Compiler":
Determining if the pthread_create exist failed with the following output:
Change Dir: /home/ubuntu/f1_tenth_ws/build/CMakeFiles/CMakeTmp

Run Build Command:/usr/bin/make "cmTryCompileExec2645505634/fast"
/usr/bin/make -f CMakeFiles/cmTryCompileExec2645505634.dir/build.make CMakeFiles/cmTryCompileExec2645505634.dir/build
make[1]: Entering directory `/home/ubuntu/f1_tenth_ws/build/CMakeFiles/CMakeTmp'
/usr/bin/cmake -E cmake_progress_report /home/ubuntu/f1_tenth_ws/build/CMakeFiles/CMakeTmp/CMakeFiles 1
Building C object CMakeFiles/cmTryCompileExec2645505634.dir/CheckSymbolExists.c.o
/usr/bin/cc    -o CMakeFiles/cmTryCompileExec2645505634.dir/CheckSymbolExists.c.o   -c /home/ubuntu/f1_tenth_ws/build/CMakeFiles/CMakeTmp/CheckSymbolExists.c
Linking C executable cmTryCompileExec2645505634
/usr/bin/cmake -E cmake_link_script CMakeFiles/cmTryCompileExec2645505634.dir/link.txt --verbose=1
/usr/bin/cc       CMakeFiles/cmTryCompileExec2645505634.dir/CheckSymbolExists.c.o  -o cmTryCompileExec2645505634 -rdynamic 
CMakeFiles/cmTryCompileExec2645505634.dir/CheckSymbolExists.c.o: In function `main':
CheckSymbolExists.c:(.text+0xe): undefined reference to `pthread_create'
CheckSymbolExists.c:(.text+0x12): undefined reference to `pthread_create'
make[1]: Leaving directory `/home/ubuntu/f1_tenth_ws/build/CMakeFiles/CMakeTmp'
collect2: error: ld returned 1 exit status
make[1]: *** [cmTryCompileExec2645505634] Error 1
make: *** [cmTryCompileExec2645505634/fast] Error 2

File /home/ubuntu/f1_tenth_ws/build/CMakeFiles/CMakeTmp/CheckSymbolExists.c:
/* */
#include <pthread.h>

int main(int argc, char** argv)
{
  (void)argv;
#ifndef pthread_create
  return ((int*)(&pthread_create))[argc];
#else
  (void)argc;
  return 0;
#endif
}

Determining if the function pthread_create exists in the pthreads failed with the following output:
Change Dir: /home/ubuntu/f1_tenth_ws/build/CMakeFiles/CMakeTmp

Run Build Command:/usr/bin/make "cmTryCompileExec2881035102/fast"
/usr/bin/make -f CMakeFiles/cmTryCompileExec2881035102.dir/build.make CMakeFiles/cmTryCompileExec2881035102.dir/build
make[1]: Entering directory `/home/ubuntu/f1_tenth_ws/build/CMakeFiles/CMakeTmp'
/usr/bin/cmake -E cmake_progress_report /home/ubuntu/f1_tenth_ws/build/CMakeFiles/CMakeTmp/CMakeFiles 1
Building C object CMakeFiles/cmTryCompileExec2881035102.dir/CheckFunctionExists.c.o
/usr/bin/cc   -DCHECK_FUNCTION_EXISTS=pthread_create   -o CMakeFiles/cmTryCompileExec2881035102.dir/CheckFunctionExists.c.o   -c /usr/share/cmake-2.8/Modules/CheckFunctionExists.c
Linking C executable cmTryCompileExec2881035102
/usr/bin/cmake -E cmake_link_script CMakeFiles/cmTryCompileExec2881035102.dir/link.txt --verbose=1
/usr/bin/cc   -DCHECK_FUNCTION_EXISTS=pthread_create    CMakeFiles/cmTryCompileExec2881035102.dir/CheckFunctionExists.c.o  -o cmTryCompileExec2881035102 -rdynamic -lpthreads 
/usr/bin/ld: cannot find -lpthreads
make[1]: Leaving directory `/home/ubuntu/f1_tenth_ws/build/CMakeFiles/CMakeTmp'
collect2: error: ld returned 1 exit status
make[1]: *** [cmTryCompileExec2881035102] Error 1
make: *** [cmTryCompileExec2881035102/fast] Error 2


